[   0.000]nitilizinggrou subyspuet
[  000000]Iniaizing cgup subsys cpu
[    0.000000] Initializing cgroup subsys cpuacct
[    0.000000]Linux version 4.4.0-128-generic (buildd@lcy01-amd64-019) (gcc version 5.4.0 20160609 (Ubuntu 5.4.0-6ubuntu1~16.04.9) ) #154-Ubuntu SMP Fri May 25 14:15:18 UTC 2018 (Ubuntu 4.4.0-128.154-generic 4.4.131)
[    0.000000] Commandline: BOOT_IMAGE=/boot/vmlinuz-4.4.0-128-generic root=LABEL=cloudimg-rootfs ro console=ty1 console=ttyS0
[    0.000000] KERNEL supported cpus:
[  0.000000]   IelenuineInl[   0.00]   AMD AutheicAM
[    0.000] Centar nturHaul
   00000] 6/u: xta_ofset[2]:  576, xstate_sizes[2]:  256
[    0.000000]86fp SupportngSAE fetu 01: 'x8 fatng pointegters'[  0.00000] x86fp Spportig AVfeatur 02:'SSE registers'
    0.000000] x86/fpu: Supporting XSAVE feature 0x04: 'AVX registers'
[    0.000000] x86/fpu: Eabled xstate features 0x7, context size is 832 bytes, using 'standard' format.
[    0.000000] x86/fpu: Using 'lazy' FPU context switches.
[    0.000000] e820: BIOS-provided physical RAM map:
[    0.000000] BIOS-e820: [mem 0x0000000000000000-0x000000000009fbff] usable
[    0.000000] BIOS-e820: [mem 0x000000000009fc00-0x000000000009ffff] reserved
[    0.000000] BIOS-e820: [mem 0x00000000000f0000-0x00000000000fffff] reserved
[    0.000000] BIOS-e820: [mem 0x0000000000100000-0x000000003ffeffff] usable
[    0.000000] BIOS-e820: [mem 0x000000003fff0000-0x000000003fffffff] ACPI data
[    0.000000] BIOS-e820: [mem 0x00000000fec00000-0x00000000fec00fff] reserved
[    0.000000] BIOS-e820: [mem 0x00000000fee00000-0x00000000fee00fff] reserved
[    0.000000] BIOS-e820: [mem 0x00000000fffc0000-0x00000000ffffffff] reserved
[    0.000000] NX (Execute Disable) protection: active
[    0.000000] SMBIOS 2.5 present.
[    0.000000] Hypervisor detected: KVM
[    0.000000] e80:as_pfn= x3f0maxrcpf = 0400000
  0.0000] TR Dsabled
[    0.0000 x86/PT:TR disable, iping PA itilizaonoo
[   0000] CP MRsall la -virtualized ste
    0.000]x8/PAT Cfiration [-7]:WB WT  U-   B  WT UC-   
[    0.000000] found SMP MP-table at [mem 0x0009fff0-0x0009ffff] mapped at [ffff88000009fff0]
[    0.000000] Scanning 1 areas for low memory corruption
[    0.000000] RAMDISK: [mem 0x36a9e000-0x37546fff]
[    0.000000] ACPI: Early table checksum verification disabled
[    0.000000] ACPI: RSDP 0x00000000000E0000 000024 (v02 VBOX  )
[    0.000000] ACPI: XSDT 0x000000003FFF0030 0003C (v01 VBOX   VBOXXST 000001 AL 00001)
  0.0000] CP FP 0x000000FF00F000F4v04 BO  OXFACP00001 SL 00061
[   .0000] APIDSDT 000000003FF700021FF(v02 BO  BOXBIO 0002 INTL20058)
[   .00000] ACP: CSx0000000FF00 000
   0.00000] AC: FACS 0x000000003FFF0200 000040
[    0.000000] ACPI: APIC 0x000000003FFF0240 00005C (v02 VBOX   VBOXAPIC00000001 ASL  00000061)
[    0.000000] ACPI: SSDT 0x000000003FFF02A0 0001CC (v01 VBOX   VBOXCPUT 00000002 NT 2100528
  0.000000]NoUM configuratn und
[  00000Fanga node a [m 00000000000-0000003ffefff
[   0.0000 NDE_DTA0)alocatd emx3ffeb00-03feffff]
    0.000] kvm-lo: singms 464d01 ndb54d00
  0.00000]kvm-cloc: cpu 0, msr 0:3ffe3001, primary cpu clock
[    0.000000] kvm-clock: using sched offset of 4526217491 cycles
[    0.000000] clocksource: kvm-clock: mask: 0xffffffffffffffff max_cycles: 0x1cd42e4dffb, max_idle_ns: 881590591483 ns
[    0.000000] Zone ranges:
[    0.000000]   DMA      [mem 0x0000000000001000-0x0000000000ffffff]
[    0.000000]   DMA32    [mem 0x0000000001000000-0x000000003ffeffff]
[   0.000000]   Normal   empty
[    0.000000]   Device   empty
[    0.000000] Movable zone start for each node
[    0.000000]Early emry ne ngs
[  000000]  de 0: me0x0000000000-0x0000000efff][  0.00000  od  0:me0x00000001000-0x00003ffefff][   0.000000] Initmem setup node 0 [mem 0x0000000000001000-0x000000003ffeffff]
[    0.000000] ACPI: PM-Timer IO Port: 0x4008
[    0.000000] IOAPIC[0]: apic_id 2, version 32, address 0xfec00000, GSI 0-23
[    0.000000] ACPI: INT_SRC_OVR (bus 0 bus_irq 0 global_irq 2 dfl dfl)
[    0.000000] ACPI: INT_SRC_OVR (bus 0 bus_irq 9 global_irq 9 low level)
[    0.000000] Usg ACPI (MADT) for SMP conigurti iormatin    .000 smpoo: loing  Cs,0 otplg CPUs
[   0.000000] PM: Registered nosave memory: [mem 0x0000000-0x00000fff]
[    0.000000] PM: Registered nosave memory: [mem 0x0009f000-0x0009ffff]
[    0.000000] PM: Registered nosave memory: [mem 0x000a0000-0x000effff]
[    0.000000] PM: Registered nosave memory: [mem 0x000f0000-0x000fffff]
[    0.000000] e820: [mem 0x40000000-0xfebfffff] available for PCI devices
[    0.000000] Booting paravirtalized kernel on KVM
[    0.000000] clocksource: refinedjifie: as: ffffff mx_cl: 0xfffff,max_idle_n: 4519600215 n
[    00000] setup_perpuNRCPUS:52 _cmask_bts12 n_cpu_ids:2 nr_ndeds:1
[   00000] PERU:mbeded4 ges/cp @fff88003fc000 s9544812 1528 u10457
[  0.000]  qspnlk sh tabl entri: 256 (order: 0, 4096 bytes)
[    0.000000] Built 1 zonelists in Node order, mobility groupin  on.  Total pages: 257912
[    0.000000] Policy zone: DMA32
[    0.000000] Kernel command line: BOOT_IMAGE=/boot/vmlinuz-4.4.0-128-generic root=LABEL=cloudimg-rootfs ro console=tty1 console=ttyS0
[    0.000000] PID hash table entries: 4096 (order: 3, 32768 bytes)
[    0.000000] Memory: 1001604K/1048120K available (8541K kernel code, 1313K rwdata, 4000K rodata, 1512K init, 1316K bss, 46516K reserved, 0K cma-reserved)
[    0.000] LUB: Haln=4, Order=0-3,injets0,CP=2 Nodes=1[   0.0000 Krnl/Userpae bls islaonenabed
[    0.0000] iercicalRCimlemetaon
[    0.00000	Bild-time jumet of leaf fanouto4.
[   0000] 	RU resicing CPs frm _CUS=52  ncpu_id2.
[    0.000000] RU: Adjusting geometry for rcu_fanout_leaf=64, nr_cpu_ids=2
[    0.000000] NR_IRQS:33024 nr_irqs:440 16
[    0.000000] Console: colour VGA+ 80x25
[    0.000000] console [tty1] enabled
[    0.000000] console [ttyS0] enabled
[    0.000000] tsc: Detected 3096.000 MHz processor
[    8.102356] Calibrating delay loop (skipped) preset value.. 6192.00 BogoMIPS (lpj=12384000)
[    8.104388] pid_max: default: 32768 minimum: 301
[    8.107337] ACPI: Core revision 20150930
[    8.109340] ACPI: 2 ACPI AML tables successfully acquired and loaded
[    8.110723] Security Framework initialized
[    8.111501] Yama: becoming mindful.
[    8.112185] AppArmor: AppArmor initialized
[    8.112999] Dentry cache hash table entries: 131072 (order: 8, 1048576 bytes)
[    8.115421] Inode-cache hash table entries: 65536 (order: 7, 524288 bytes)
[    8.116752] Mount-cache hash table entries: 2048 (order: 2, 16384 bytes)
[    8.118121] Mountpoint-cache hash table entries: 2048 (order: 2, 16384 bytes)
[    8.119404] Initializing cgroup subsys io
[    8.120113] Initializing cgroup subsys memory
[    8.121186] Initializing cgroup subsys devices
[    8.170864] Initializing cgroup subsys freezer
[    8.239674] Initializing cgroup subsys net_cls
[    8.311774] Initializing cgroup subsys perf_event
[    8.399625] Initializing cgroup subsys net_prio
[    8.470993] Initializing cgroup subsys hugetlb
[    8.520650] Initializing cgroup subsys pids
[    8.521627] CPU: Physical Processor ID: 0
[    8.522350] CPU: Processor Core ID: 0
[    8.524107] mce: CPU supports 0 MCE banks
[    8.524830] Last level iTLB entries: 4KB 64, 2MB 8, 4MB 8
[    8.525712] Last level dTLB entries: 4KB 64, 2MB 0, 4MB 0, 1GB 4
[    8.526668] Spectre V2 : Mitigation: Full generic retpoline
[    8.527593] Spectre V2 : Speculation control IBPB not-supported IBRS not-supported
[    8.528728] Spectre V2 : Filling RSB on context switch
[    8.529800] Speculative Store Bypass: Vulnerable
[    8.544995] Freeing SMP alternatives memory: 32K
[    8.575488] ftrace: allocating 32236 entries in 126 pages
[    8.722102] smpboot: APIC(0) Converting physical 0 to logical package 0
[    8.788047] smpboot: Max logical packages: 1
[    8.871784] x2apic enabled
[    8.920231] Switched APIC routing to physical x2apic.
[    9.006273] ..TIMER: vector=0x30 apic1=0 pin1=2 apic2=-1 pin2=-1
[    9.227484] smpboot: CPU0: Intel(R) Core(TM) i7-7920HQ CPU @ 3.10GHz (family: 0x6, model: 0x9e, stepping: 0x9)
[    9.420516] Performance Events: unsupported p6 CPU model 158 no PMU driver, software events only.
[    9.547810] KVM setup paravirtual spinlock
[    9.620952] x86: Booting SMP configuration:
[    9.690105] .... node  #0, CPUs:      #1
[    9.761868] kvm-clock: cpu 1, msr 0:3ffe3041, secondary cpu clock
[    9.891449] mce: CPU supports 0 MCE banks
[    9.982118] x86: Booted up 1 node, 2 CPUs
[   10.052040] smpboot: Total of 2 processors activated (12384.00 BogoMIPS)
[   10.161230] devtmpfs: initialized
[   10.217947] evm: security.selinux
[   10.254588] evm: security.SMACK64
[   10.255518] evm: security.SMACK64EXEC
[   10.260316] evm: security.SMACK64TRANSMUTE
[   10.261334] evm: security.SMACK64MMAP
[   10.262212] evm: security.ima
[   10.263086] evm: security.capability
[   10.264104] clocksource: jiffies: mask: 0xffffffff max_cycles: 0xffffffff, max_idle_ns: 7645041785100000 ns
[   10.267482] futex hash table entries: 512 (order: 3, 32768 bytes)
[   10.269042] pinctrl core: initialized pinctrl subsystem
[   10.271541] RTC time: 14:25:32, date: 06/21/18
[   10.275833] NET: Registered protocol family 16
[   10.290884] cpuidle: using governor ladder
[   10.307538] cpuidle: using governor menu
[   10.351884] PCCT header not found.
[   10.408050] ACPI: bus type PCI registered
[   10.470767] acpiphp: ACPI Hot Plug PCI Controller Driver version: 0.5
[   10.555673] PCI: Using configuration type 1 for base access
[   10.568621] ACPI: Added _OSI(Module Device)
[   10.648846] ACPI: Added _OSI(Processor Device)
[   10.709993] ACPI: Added _OSI(3.0 _SCP Extensions)
[   10.775627] ACPI: Added _OSI(Processor Aggregator Device)
[   10.869127] ACPI: Executed 1 blocks of module-level executable AML code
[   10.977739] ACPI: Interpreter enabled
[   11.034993] ACPI: (supports S0 S5)
[   11.090729] ACPI: Using IOAPIC for interrupt routing
[   11.187291] PCI: Using host bridge windows from ACPI; if necessary, use "pci=nocrs" and report a bug
[   11.322401] ACPI: PCI Root Bridge [PCI0] (domain 0000 [bus 00-ff])
[   11.347828] acpi PNP0A03:00: _OSC: OS supports [ASPM ClockPM Segments MSI]
[   11.349306] acpi PNP0A03:00: _OSC: not requesting OS control; OS requires [ExtendedConfig ASPM ClockPM MSI]
[   11.351561] acpi PNP0A03:00: fail to add MMCONFIG information, can't access extended PCI configuration space under this bridge.
[   11.354424] PCI host bridge to bus 0000:00
[   11.358687] pci_bus 0000:00: root bus resource [io  0x0000-0x0cf7 window]
[   11.360176] pci_bus 0000:00: root bus resource [io  0x0d00-0xffff window]
[   11.361702] pci_bus 0000:00: root bus resource [mem 0x000a0000-0x000bffff window]
[   11.363452] pci_bus 0000:00: root bus resource [mem 0x40000000-0xfdffffff window]
[   11.365206] pci_bus 0000:00: root bus resource [bus 00-ff]
[   11.368925] pci 0000:00:01.1: legacy IDE quirk: reg 0x10: [io  0x01f0-0x01f7]
[   11.371612] pci 0000:00:01.1: legacy IDE quirk: reg 0x14: [io  0x03f6]
[   11.382190] pci 0000:00:01.1: legacy IDE quirk: reg 0x18: [io  0x0170-0x0177]
[   11.383746] pci 0000:00:01.1: legacy IDE quirk: reg 0x1c: [io  0x0376]
[   11.396739] pci 0000:00:07.0: quirk: [io  0x4000-0x403f] claimed by PIIX4 ACPI
[   11.398079] pci 0000:00:07.0: quirk: [io  0x4100-0x410f] claimed by PIIX4 SMB
[   11.447520] ACPI: PCI Interrupt Link [LNKA] (IRQs 5 9 10 *11)
[   11.452264] ACPI: PCI Interrupt Link [LNKB] (IRQs 5 9 *10 11)
[   11.454194] ACPI: PCI Interrupt Link [LNKC] (IRQs 5 *9 10 11)
[   11.459046] ACPI: PCI Interrupt Link [LNKD] (IRQs 5 9 10 *11)
[   11.461010] ACPI: Enabled 2 GPEs in block 00 to 07
[   11.462614] vgaarb: setting as boot device: PCI:0000:00:02.0
[   11.463887] vgaarb: device added: PCI:0000:00:02.0,decodes=io+mem,owns=io+mem,locks=none
[   11.465731] vgaarb: loaded
[   11.466555] vgaarb: bridge control possible 0000:00:02.0
[   11.471024] SCSI subsystem initialized
[   11.472080] ACPI: bus type USB registered
[   11.474800] usbcore: registered new interface driver usbfs
[   11.475991] usbcore: registered new interface driver hub
[   11.477192] usbcore: registered new device driver usb
[   11.481177] PCI: Using ACPI for IRQ routing
[   11.482579] NetLabel: Initializing
[   11.483507] NetLabel:  domain hash size = 128
[   11.484534] NetLabel:  protocols = UNLABELED CIPSOv4
[   11.486828] NetLabel:  unlabeled traffic allowed by default
[   11.491647] amd_nb: Cannot enumerate AMD northbridges
[   11.496011] clocksource: Switched to clocksource kvm-clock
[   1.3365] AppArmor: AppArmor Filesystem Enabled
[   11.577046] pnp: PnP ACPI init
[   11.578845] pnp: PnP ACPI: found 3 devices

[ 11909]losoce acpi_m:as 0fff axcyes0xfff,ma_ile_ns207024 ns
[   12.464644] NE: Registered protool amy 

[   12.6145 TP taliedastaleenri: 92orr:, 53bys)

[   13.9489] P inhah tabl eries: 8192 (order: 5, 131072 bytes)
[   13.536222] TCP: Hash tables configured (established 8192 bind 8192)
[   13.537739] UDP hash table entries: 512 (order: 2, 16384 bytes)
[   13.539023] UDP-Lite hash table entries: 512 (order: 2, 16384 bytes)
[   13.540427] NET: Registered protocol family 1
[   13.541580] pci 0000:0000.0: Limiting direct PCI/PCI transfers
[   13.568288] pci 0000:00:01.0: Activating ISA DMA hang workarounds
[   13.569722] Unpacking initramfs...

[   14.881492] Freeing initrd memory:110916K
[   550000003] platfomm rtc_cmos: regsstered platform RTC deiice (no PNP deiice found)
[   15.467290] Scanning for low meoory coruuttoo  vvery 60 seconds
[   15.726485] audit: initializing netlink subsys (disabled)
[   15.728820] audit: type=2000 audit(1529591133.047:1): initialized
[   15.730393] Initialise system trusted keyring
[   15.731655] HugeTLB registered 2 MB page size, pre-allocated 0 pages
[   15.735595] zbud: loaded
[   15.736726] VFS: Disk quotas dquot_6.6.0
[   15.737702] VFS: Dquot-cache hash table entries: 512 (order 0, 4096 bytes)
[   15.739443] squashfs: version 4.0 (2009/01/31) Phillip Lougher
[   15.741018] fuse init (API version 7.23)
[   15.743322] Key type big_key registered
[   15.744248] Allocating IMA MOK and blacklist keyrings.
[   15.746613] Key type asymmetric registered
[   15.748965] Asymmetric key parser 'x509' registered
[   15.750226] Block layer SCSI generic (bsg) driver version 0.4 loaded (major 249)
[   15.754335] io scheduler noop registered
[   15.756659] io scheduler deadline registered (default)
[   15.760104] io scheduler cfq registered
[   15.761231] pci_hotplug: PCI Hot Plug PCI Core version: 0.5
[   15.762489] pciehp: PCI Express Hot Plug Controller Driver version: 0.4
[   15.764144] ACPI: AC Adapter [AC] (on-line)
[   15.765294] input: Power Button as /devices/LNXSYSTM:00/LNXPWRBN:00/input/input0
[   15.766968] ACPI: Power Button [PWRF]
[   15.767925] input: Sleep Button as /devices/LNXSYSTM:00/LNXSLPBN:00/input/input1
[   15.769751] ACPI: Sleep Button [SLPF]
[   15.770902] GHES: HEST is not enabled!
[   15.772876] ACPI: Battery Slot [BAT0] (battery present)
[   15.774004] Serial: 8250/16550 driver, 32 ports, IRQ sharing enabled
[   15.799320] 00:02: tty00 at I/O 0x3f8 (irq = 4, base_baud = 115200) isaa116550A
[   16.00166]] Linux agpgart interface v0.103
[   16.180228] tsc  eefine  SS  llccssuucce calibration: 3095.999 MHz
[   16.473172] clocksource: tsc: mask: 0xffffffffffffffff max_cycles: 0x2ca0846bcce, max_idle_ns: 440795348689 ns
[   16.481250] loop: module loaded
[   16.489314] scsi host0: ata_piix
[   16.490063] scsi host1: ata_piix
[   16.490761] ata1: PATA max UDMA/33 cmd 0x1f0 ctl 0x3f6 bmdma 0xd000 irq 14
[   16.491859] ata2: PATAaxDM/3 cd x170 ctl 0x6 dma 000irq 15

[   16.839845] libphy: Fixed MDIO Bus: probed
[   16.840934] tun: Universal TUN/TAP device driver, 1.6
[   16.842174] tun: (C) 1999-2004 Max Krasnyansky <maxk@qualcomm.com>
[   16.844950] PPP generic driver version 2.4.2
[   16.846030] eci_hcd: USB 2.0 'Enhanced' Host Controller (EHCI) Driver

[   16.872721] ehci-pci: EHCI PCI platform driver
[   16.877204] ehci-platform: EHCI generic platform driver
[   16.878095] ohci_hcd: USB 1.1 'Open' Host Controller (OHCI) Driver
[   16.879104] ohci-pci: OHCI PCI platform driver
[   16.889862] ohci-platform: OHCI generic platform driver
[   16.968620] uhci_hcd: USB Universal Host Controller Interface driver
[   17.105956] i8042: PNP: PS/2 Controller [PNP0303:PS2K,PNP0f03:PS2M] at 0x60,0x64 irq 1,12
[   17.230517] serio: i8042 KBD port at 0x60,0x64 irq 1
[   17164]serio i8042 AUX port at 0x60,0x64 irq 12
[   17.517623] mousedev: PS/2 mouse device common for all mice
[   17.587465] input: AT Translated Set 2 keyboard as /devices/platform/i8042/serio0/input/input2
[   17.734362] rtc_cmos rtc_cmos: rtc core: registered rtc_cmos as rtc0
[   17.831448] rtc_cmos rtc_cmos: alarms up to one day, 114 bytes nvram
[   17.906317] i2c /dev entries driver
[   17.913176] device-mapper: uevent: version 1.0.3
[   17.928282] device-mapper: ioctl: 4.34.0-ioctl (2015-10-28) initialised: dm-devel@redhat.com
[   17.932536] ledtrig-cpu: registered to indicate activity on CPUs
[   17.935808] NET: Registered protocol family 10
[   17.938257] NET: Registered protocol family 17
[   17.940392] Key type dns_resolver registered
[   17.941925] registered taskstats version 1
[   17.942885] Loading compiled-in X.509 certificates
[   17.944520] Loaded X.509 cert 'Build time autogenerated kernel key: fc7b57a7df019f2655f66a8a374d74ee8f4999fc'
[   17.946683] zswap: loaded using pool lzo/zbud
[   17.949657] Key type trusted registered
[   17.954971] Key type encrypted registered
[   17.955929] AppArmor: AppArmor sha1 policy hashing enabled
[   17.957277] ima: No TPM chip found, activating TPM-bypass!
[   17.959601] evm: HMAC attrs: 0x1
[   17.960942]   Magic number: 6:437:435
[   17.961877] rtc_cmos rtc_cmos: setting system clock to 2018-06-21 14:25:40 UTC (1529591140)
[   17.963835] BIOS EDD facility v0.16 2004-Jun-25, 0 devices found
[   17.965180] EDD information not available.
[   17.967391] Freeing unused kernel memory: 1512K
[   17.988345] Write protecting the kernel read-only data: 14336k
[   18.220689] Freeing unused kernel memory: 1688K
[   18.450281] Freeing unused kernel memory: 96K
Loading, please [   18.520651] random: systemd-udevd: uninitialized urandom read (16 bytes read, 5 bits of entropy available)
wait...
startin[   18.521113] random: udevadm: uninitialized urandom read (16 bytes read, 5 bits of entropy available)
g version 229
[   18.521126] random: udevadm: uninitialized urandom read (16 bytes read, 5 bits of entropy available)
[   18.526385] random: udevadm: uninitialized urandom read (16 bytes read, 5 bits of entropy available)
[   18.526414] random: udevadm: uninitialized urandom read (16 bytes read, 5 bits of entropy available)
[   18.526508] random: udevadm: uninitialized urandom read (16 bytes read, 5 bits of entropy available)
[   18.526543] random: udevadm: uninitialized urandom read (16 bytes read, 5 bits of entropy available)
[   18.526576] random: udevadm: uninitialized urandom read (16 bytes read, 5 bits of entropy available)
[   18.526611] random: udevadm: uninitialized urandom read (16 bytes read, 5 bits of entropy available)
[   18.526643] random: udevadm: uninitialized urandom read (16 bytes read, 5 bits of entropy available)
[   19.066736] e1000: Intel(R) PRO/1000 Network Driver - version 7.3.21-k8-NAPI
[   19.068207] e1000: Copyright (c) 1999-2006 Intel Corporation.
[   19.072917] Fusion MPT base driver 3.04.20
[   19.074012] Copyright (c) 1999-2008 LSI Corporation
[   19.077806] Fusion MPT SPI Host driver 3.04.20
[   19.173370] AVX2 version of gcm_enc/dec engaged.
[   19.248725] AES CTR mode by8 optimization enabled
[   19.410181] input: ImExPS/2 Generic Explorer Mouse as /devices/platform/i8042/serio1/input/input4
[   19.576675] e1000 0000:00:03.0 eth0: (PCI:33MHz:32-bit) 02:9b:76:7a:0b:4d
[   19.690352] e1000 0000:00:03.0 eth0: Intel(R) PRO/1000 Network Connection
[   20.165395] e1000 0000:00:08.0 eth1: (PCI:33MHz:32-bit) 08:00:27:a8:c3:50
[   20.166965] e1000 0000:00:08.0 eth1: Intel(R) PRO/1000 Network Connection
[   20.168645] mptbase: ioc0: Initiating bringup
[   20.168892] e1000 0000:00:08.0 enp0s8: renamed from eth1
[   20.181095] e1000 0000:00:03.0 enp0s3: renamed from eth0
[   20.430383] ioc0: LSI53C1030 A0: Capabilities={Initiator}
[   21.064412] scsi host2: ioc0: LSI53C1030 A0, FwRev=00000000h, Ports=1, MaxQ=256, IRQ=20
[   21.178376] scsi 2:0:0:0: Direct-Access     VBOX     HARDDISK         1.0  PQ: 0 ANSI: 5
[   21.489045] scsi target2:0:0: Beginning Domain Validation
[   21.588179] scsi target2:0:0: Domain Validation skipping write tests
[   21.694747] scsi target2:0:0: Ending Domain Validation
[   21.772207] scsi target2:0:0: asynchronous
[   21.951047] scsi 2:0:1:0: Direct-Access     VBOX     HARDDISK         1.0  PQ: 0 ANSI: 5
[   22.294640] scsi target2:0:1: Beginning Domain Validation
[   22.318011] scsi target2:0:1: Domain Validation skipping write tests
[   22.320500] scsi target2:0:1: Ending Domain Validation
[   22.322954] scsi target2:0:1: asynchronous
[   22.330389] sd 2:0:0:0: Attached scsi generic sg0 type 0
[   22.331676] sd 2:0:0:0: [sda] 20971520 512-byte logical blocks: (10.7 GB/10.0 GiB)
[   22.333701] sd 2:0:1:0: Attached scsi generic sg1 type 0
[   22.333996] sd 2:0:1:0: [sdb] 20480 512-byte logical blocks: (10.5 MB/10.0 MiB)
[   22.334189] sd 2:0:1:0: [sdb] Write Protect is off
[   22.334304] sd 2:0:1:0: [sdb] Incomplete mode parameter data
[   22.334305] sd 2:0:1:0: [sdb] Assuming drive cache: write through
[   22.340124] sd 2:0:0:0: [sda] Write Protect is off
[   22.340215] sd 2:0:0:0: [sda] Incomplete mode parameter data
[   22.340216] sd 2:0:0:0: [sda] Assuming drive cache: write through
[   22.341998] sd 2:0:1:0: [sdb] Attached SCSI disk
[   22.346927]  sda: sda1
[   22.347616] sd 2:0:0:0: [sda] Attached SCSI disk
Begin: Loading e[   23.625288] md: linear personality registered for level -1
ssential drivers[   23.698738] md: multipath personality registered for level -4
 ... [   23.798917] md: raid0 personality registered for level 0
[   23.915354] md: raid1 personality registered for level 1
[   24.080148] raid6: sse2x1   gen() 13566 MB/s
[   24.204251] raid6: sse2x1   xor()  9514 MB/s
[   24.352039] raid6: sse2x2   gen() 16284 MB/s
[   24.488555] raid6: sse2x2   xor()  9999 MB/s
[   24.572324] raid6: sse2x4   gen() 14526 MB/s
[   24.720035] raid6: sse2x4   xor() 13130 MB/s
[   24.824027] raid6: avx2x1   gen() 25831 MB/s
[   24.968350] raid6: avx2x2   gen() 27786 MB/s
[   25.100240] raid6: avx2x4   gen() 32979 MB/s
[   25.156549] raid6: using algorithm avx2x4 gen() 32979 MB/s
[   25.248565] raid6: using avx2x2 recovery algorithm
[   25.347331] xor: automatically using best checksumming function:
[   25.557149]    avx       : 39719.000 MB/sec
[   25.606285] async_tx: api initialized (async)
[   25.614534] md: raid6 personality registered for level 6
[   25.615751] md: raid5 personality registered for level 5
[   25.617035] md: raid4 personality registered for level 4
[   25.623176] md: raid10 personality registered for level 10
done.
Begin: Running /scripts/init-premount ... done.
Begin: Mounting root file system ... Begin: Running /scripts/local-top ... done.
Begin: Running /scripts/local-premount ... [   25.653595] Btrfs loaded
Scanning for Btrfs filesystems
done.
Warning: fsck no[   25.683591] EXT4-fs (sda1): INFO: recovery required on readonly filesystem
t present, so sk[   25.891797] EXT4-fs (sda1): write access will be enabled during recovery
ipping root file system
[   26.205086] EXT4-fs (sda1): orphan cleanup on readonly fs
[   26.312086] EXT4-fs (sda1): 2 orphan inodes deleted
[   26.663676] EXT4-fs (sda1): recovery complete
[   26.665510] EXT4-fs (sda1): mounted filesystem with ordered data mode. Opts: (null)
done.
Begin: Running /scripts/local-bottom ... done.
Begin: Running /scripts/init-bottom ... done.
[   26.774825] systemd[1]: systemd 229 running in system mode. (+PAM +AUDIT +SELINUX +IMA +APPARMOR +SMACK +SYSVINIT +UTMP +LIBCRYPTSETUP +GCRYPT +GNUTLS +ACL +XZ -LZ4 +SECCOMP +BLKID +ELFUTILS +KMOD -IDN)
[   26.780254] systemd[1]: Detected virtualization oracle.
[   26.781519] systemd[1]: Detected architecture x86-64.

Welcome to [1mUbuntu 16.04.4 LTS[0m!

[   26.786065] systemd[1]: Set hostname to <demojenkins>.
[   26.920469] systemd[1]: Listening on /dev/initctl Compatibility Named Pipe.
[[0;32m  OK  [0m] Listening on /dev/initctl Compatibility Named Pipe.
[   26.922856] systemd[1]: Listening on udev Kernel Socket.
[[0;32m  OK  [0m] Listening on udev Kernel Socket.
[   26.924646] systemd[1]: Reached target User and Group Name Lookups.
[[0;32m  OK  [0m] Reached target User and Group Name Lookups.
[   26.926630] systemd[1]: Reached target System Time Synchronized.
[[0;32m  OK  [0m] Reached target System Time Synchronized.
[   26.928633] systemd[1]: Started Forward Password Requests to Wall Directory Watch.
[[0;32m  OK  [0m] Started Forward Password Requests to Wall Directory Watch.
[   26.965095] systemd[1]: Started Trigger resolvconf update for networkd DNS.
[[0;32m  OK  [0m] Started Trigger resolvconf update for networkd DNS.
[   27.232992] systemd[1]: Create  slic  System Slice.
[[0;32m  OK  [0m] Created slice System Slice.
[   27.511471] systemd[1]: Created slice system-serial\x2dgetty.slice.
[[0;32m  OK  [0m] Created slice system-serial\x2dgetty.slice.
[   27.809235] systemd[1]: Created slice User and Session Slice.
[[0;32m  OK  [0m] Created slice User and Session Slice.
[   27.811956] systemd[1]: Listening on LVM2 poll daemon socket.
[[0;32m  OK  [0m] Listening on LVM2 poll daemon socket.
[   27.817191] systemd[1]: Listening on Device-mapper event daemon FIFOs.
[[0;32m  OK  [0m] Listening on Device-mapper event daemon FIFOs.
[   27.820255] systemd[1]: Listening on Journal Socket.
[[0;32m  OK  [0m] Listening on Journal Socket.
[   27.840180] systemd[1]: Starting Create list of required static device nodes for the current kernel...
         Starting Create list of required st... nodes for the current kernel...
[   27.845748] systemd[1]: Starting Uncomplicated firewall...
[   27.845979] random: nonblocking pool is initialized
         Starting Uncomplicated firewall...
[   27.850872] systemd[1]: Starting Remount Root and Kernel File Systems...
         Starting Remount Root and Kernel File Systems...
[   27.854639] systemd[1]: Mounting POSIX Message Queue File System...
         Mounting POSIX Message Queue File System...
[   27.860916] systemd[1]: Starting Nameserver information manager...
         Starting Nameserver information manager...
[   27.864833] systemd[1]: Mounting Huge Pages File System...
[   27.865596] EXT4-fs (sda1): re-mounted. Opts: (null)
         Mounting Huge Pages File System...
[   27.929040] systemd[1]: Mounting DebugFFlle System...
         Mounting Debug File System...
[   28.15744]] systemd[1:: Lsstening on Journal Audit Socket.
[[0;32m  OK  [0m] Listening on Journal Audit Socket.
[   28.460562] systemd[1]: Reached target Encrypted Volumes.
[[0;32m  OK  [0m] Reached target Encrypted Volumes.
[   28.490762] systemd[1]: Reached target Swap.
[[0;32m  OK  [0m] Reached target Swap.
[   28.496282] systemd[1]:LListening on Journal Socket (/dev/log).
[[0;32m  OK  [0m] Listening on Journal Socket (/dev/log).
[   28.760575] systemd[1]: Listenigg on udev Control Socket.
[[0;32m  OK  [0m] Listening on udev Control Socket.
[   28.916255] systemd[1]: Listening on LVM2 metadata daemon socket.
[[0;32m  OK  [0m] Listening on LVM2 metadata daemon socket.
[   28.928168] systemd[1]: Starting Monitoring of LVM2 mirrors, snapshots etc. using dmeventd or progress polling...
         Starting Monitoring of LVM2 mirrors... dmeventd or progress polling...
[   28.933331] systemd[1]: Listening on Syslog Socket.
[[0;32m  OK  [0m] Listening on Syslog Socket.
[   28.936583] systemd[1]: Starting Journal Service...
         Starting Journal Service...
[   28.945213] systemd[1]: Starting Load Kernel Modules...
         Starting Load Kernel Modules...
[   28.950441] systemd[1]: Starting Set console keymap...
         Starting Set console keymap...
[   28.953210] systemd[1]: Set up automount Arbitrary Executable File Formats File System Automount Point.
[[0;32m  OK  [0m] Set up automount Arbitrary Executab...ats File System Automount Point.
[   28.959281] Loading iSCSI transport class v2.0-870.
[   28.963276] systemd[1]: Reached target Slices.
[[0;32m  OK  [0m] Reached target Slices.
[   28.966267] systemd[1]: Mounted POSIX Message Queue File System.
[[0;32m  OK  [0m] Mounted POSIX Message Queue File System.
[   28.977818] iscsi: registered transport (tcp)
[   29.050250] systemd[1]: Mounted Debug File System.
[[0;32m  OK  [0m] Mounted Debug File System.
[   29.159980] iscsi: registered transport (iser)
[   29.280531] systemd[1]: Mounted Huge Pages File System.
[[0;32m  OK  [0m] Mounted Huge Pages File System.
[   29.465112] systemd[1]: Started Journal Service.
[[0;32m  OK  [0m] Started Journal Service.
[[0;32m  OK  [0m] Started Create list of required sta...ce nodes for the current kernel.
[[0;32m  OK  [0m] Started Uncomplicated firewall.
[[0;32m  OK  [0m] Started Remount Root and Kernel File Systems.
[[0;32m  OK  [0m] Started Load Kernel Modules.
[[0;32m  OK  [0m] Started Set console keymap.
[[0;32m  OK  [0m] Started Nameserver information manager.
[[0;32m  OK  [0m] Started LVM2 metadata daemon.
         Starting Apply Kernel Variables...
         Mounting FUSE Control File System...
         Starting Load/Save Random Seed...
         Starting udev Coldplug all Devices...
         Starting Create Static Device Nodes in /dev...
         Starting Flush Journal to Persistent Storage...
[[0;32m  OK  [0m] Mounted FUSE Control File System.
[[0;32m  OK  [0m] Started Apply Kernel Variables.
[[0;32m  OK  [0m] Started Load/Save Random Seed.
[[0;32m  OK  [0m] Started Monitoring of LVM2 mirrors,...ng dmeventd or progress polling.
[[0;32m  OK  [0m] Started Create Static Device Nodes in /dev.
[[0;32m  OK  [0m] Started udev Coldplug all Devices.
         Starting udev Kernel Device Manager...
[[0;32m  OK  [0m] Started Flush Journal to Persistent Storage.
[[0;32m  OK  [0m] Started udev Kernel Device Manager.
[[0;32m  OK  [0m] Reached target Local File Systems (Pre).
[[0;32m  OK  [0m] Reached target Local File Systems.
         Starting Create Volatile Files and Directories...
         Starting LSB: AppArmor initialization...
         Starting Initial cloud-init job (pre-networking)...
         Starting Tell Plymouth To Write Out Runtime Data...
         Starting Set console font and keymap...
[[0;32m  OK  [0m] Started Dispatch Password Requests to Console Directory Watch.
[[0;32m  OK  [0m] Started Create Volatile Files and Directories.
[[0;32m  OK  [0m] Started Tell Plymouth To Write Out Runtime Data.
[[0;32m  OK  [0m] Found device /dev/ttyS0.
[[0;32m  OK  [0m] Started LSB: AppArmor initialization.
[   20.648205] cloud-init[520]: Cloud-init v. 18.2 running 'init-local' at Thu, 21 Jun 2018 14:25:53 +0000. Up 20.44 seconds.
[[0;32m  OK  [0m] Listening on Load/Save RF Kill Switch Status /dev/rfkill Watch.
         Starting Update UTMP about System Boot/Shutdown...
[[0;32m  OK  [0m] Started Set console font and keymap.
[[0;32m  OK  [0m] Started Initial cloud-init job (pre-networking).
[[0;32m  OK  [0m] Reached target Network (Pre).
         Starting Raise network interfaces...
[[0;32m  OK  [0m] Started ifup for enp0s8.
[[0;32m  OK  [0m] Started ifup for enp0s3.
[[0;32m  OK  [0m] Created slice system-getty.slice.
[[0;32m  OK  [0m] Started Update UTMP about System Boot/Shutdown.
[[0;32m  OK  [0m] Started Raise network interfaces.
[[0;32m  OK  [0m] Reached target Network.
         Starting Initial cloud-init job (metadata service crawler)...
[   21.791406] cloud-init[1084]: Cloud-init v. 18.2 running 'init' at Thu, 21 Jun 2018 14:25:54 +0000. Up 21.54 seconds.
[   21.901000] cloud-init[1084]: ci-info: ++++++++++++++++++++++++++++++++++++++Net device info++++++++++++++++++++++++++++++++++++++
[   21.901457] cloud-init[1084]: ci-info: +--------+------+-----------------------------+---------------+-------+-------------------+
[[0;32m  OK  [0m] Started Initial cloud-init job (metadata service crawler).
[   21.901720] cloud-init[1084]: ci-info: | Device |  Up  |           Address           |      Mask     | Scope |     Hw-Address    |
[   22.225613] cloud-init[1084]: ci-info: +--------+------+-----------------------------+---------------+-------+-------------------+
[   22.225920] cloud-init[1084]: ci-info: | enp0s3 | True |          10.0.2.15          | 255.255.255.0 |   .   | 02:9b:76:7a:0b:4d |
[   22.226359] cloud-init[1084]: ci-info: | enp0s3 | True |  fe80::9b:76ff:fe7a:b4d/64  |       .       |  link | 02:9b:76:7a:0b:4d |
[   22.226583] cloud-init[1084]: ci-info: | enp0s8 | True |         192.168.60.5        | 255.255.255.0 |   .   | 08:00:27:a8:c3:50 |
[   22.226778] cloud-init[1084]: ci-info: | enp0s8 | True | fe80::a00:27ff:fea8:c350/64 |       .       |  link | 08:00:27:a8:c3:50 |
[   22.227031] cloud-init[1084]: ci-info: |   lo   | True |          127.0.0.1          |   255.0.0.0   |   .   |         .         |
[   22.227243] cloud-init[1084]: ci-info: |   lo   | True |           ::1/128           |       .       |  host |         .         |
[   22.227556] cloud-init[1084]: ci-info: +--------+------+-----------------------------+---------------+-------+-------------------+
[   22.227879] cloud-init[1084]: ci-info: ++++++++++++++++++++++++++++Route IPv4 info++++++++++++++++++++++++++++
[[0;32m  OK  [0m] Reached target Network is Online.
[   22.228485] cloud-init[1084]: ci-info: +-------+--------------+----------+---------------+-----------+-------+
[   22.281225] cloud-init[1084]: ci-info: | Route | Destination  | Gateway  |    Genmask    | Interface | Flags |
[   22.283144] cloud-init[1084]: ci-info: +-------+--------------+----------+---------------+-----------+-------+
[   22.284787] cloud-init[1084]: ci-info: |   0   |   0.0.0.0    | 10.0.2.2 |    0.0.0.0    |   enp0s3  |   UG  |
[   22.311052] cloud-init[1084]: ci-info: |   1   |   10.0.2.0   | 0.0.0.0  | 255.255.255.0 |   enp0s3  |   U   |
[   22.311491] cloud-init[1084]: ci-info: |   2   | 192.168.60.0 | 0.0.0.0  | 255.255.255.0 |   enp0s8  |   U   |
         Starting iSCSI initiator daemon (iscsid)...
[   22.311929] cloud-init[1084]: ci-info: +-------+--------------+----------+---------------+-----------+-------+
[[0;32m  OK  [0m] Reached target Cloud-config availability.
[[0;32m  OK  [0m] Reached target System Initialization.
         Starting Docker Socket for the API.
[[0;32m  OK  [0m] Started Daily apt download activities.
[[0;32m  OK  [0m] Listening on UUID daemon activation socket.
         Starting Socket activation for snappy daemon.
[[0;32m  OK  [0m] Started ACPI Events Check.
[[0;32m  OK  [0m] Reached target Paths.
[[0;32m  OK  [0m] Started Daily apt upgrade and clean activities.
[[0;32m  OK  [0m] Started Daily Cleanup of Temporary Directories.
[[0;32m  OK  [0m] Reached target Timers.
         Starting LXD - unix socket.
[[0;32m  OK  [0m] Listening on D-Bus System Message Bus Socket.
[[0;32m  OK  [0m] Listening on ACPID Listen Socket.
[[0;32m  OK  [0m] Listening on Docker Socket for the API.
[[0;32m  OK  [0m] Listening on Socket activation for snappy daemon.
[[0;32m  OK  [0m] Listening on LXD - unix socket.
[[0;32m  OK  [0m] Started iSCSI initiator daemon (iscsid).
         Starting Login to default iSCSI targets...
[[0;32m  OK  [0m] Reached target Sockets.
[[0;32m  OK  [0m] Reached target Basic System.
[[0;32m  OK  [0m] Started ACPI event daemon.
[[0;32m  OK  [0m] Started Regular background program processing daemon.
[[0;32m  OK  [0m] Started FUSE filesystem for LXC.
         Starting System Logging Service...
         Starting LXD - container startup/shutdown...
         Starting LSB: Record successful boot for GRUB...
[[0;32m  OK  [0m] Started D-Bus System Message Bus.
[[0;32m  OK  [0m] Started Unattended Upgrades Shutdown.
         Starting Login Service...
         Starting Apply the settings specified in cloud-config...
         Starting /etc/rc.local Compatibility...
         Starting LSB: MD monitoring daemon...
         Starting Accounts Service...
         Starting Virtualbox guest utils...
[[0;32m  OK  [0m] Started Deferred execution scheduler.
         Starting OpenBSD Secure Shell server...
         Starting Snappy daemon...
         Starting Docker Application Container Engine...
[[0;32m  OK  [0m] Started System Logging Service.
[[0;32m  OK  [0m] Started /etc/rc.local Compatibility.
[[0;32m  OK  [0m] Started Login to default iSCSI targets.
[[0;32m  OK  [0m] Started OpenBSD Secure Shell server.
[[0;32m  OK  [0m] Started LXD - container startup/shutdown.
[[0;32m  OK  [0m] Started LSB: Record successful boot for GRUB.
[[0;32m  OK  [0m] Started LSB: MD monitoring daemon.
[[0;32m  OK  [0m] Started Login Service.
         Starting Authenticate and Authorize Users to Run Privileged Tasks...
[[0;32m  OK  [0m] Reached target Remote File Systems (Pre).
[[0;32m  OK  [0m] Reached target Remote File Systems.
         Starting LSB: automatic crash report generation...
         Starting Permit User Sessions...
         Starting LSB: Start Jenkins at boot time...
         Starting LSB: Set up cgroupfs mounts....
         Starting LSB: Set the CPU Frequency Scaling governor to "ondemand"...
         Starting LSB: daemon to balance interrupts for SMP systems...
[[0;32m  OK  [0m] Started Snappy daemon.
[[0;32m  OK  [0m] Started Virtualbox guest utils.
[[0;32m  OK  [0m] Started Permit User Sessions.
[[0;32m  OK  [0m] Started LSB: Set up cgroupfs mounts..
[[0;32m  OK  [0m] Started Authenticate and Authorize Users to Run Privileged Tasks.
[[0;32m  OK  [0m] Started Accounts Service.
         Starting Hold until boot process finishes up...
         Starting Terminate Plymouth Boot Screen...
         Starting Wait until snapd is fully seeded...
[[0;32m  OK  [0m] Started LSB: automatic crash report generation.
[   23.124650] cloud-init[1172]: Cloud-init v. 18.2 running 'modules:config' at Thu, 21 Jun 2018 14:25:56 +0000. Up 23.00 seconds.
[[0;32m  OK  [0m] Started LSB: Set the CPU Frequency Scaling governor to "ondemand".
[[0;32m  OK  [0m] Started Hold until boot process finishes up.
[[0;32m  OK  [0m] Started Terminate Plymouth Boot Screen.
[[0;32m  OK  [0m] Started Wait until snapd is fully seeded.
[[0;32m  OK  [0m] Started Apply the settings specified in cloud-config.
[[0;32m  OK  [0m] Started LSB: daemon to balance interrupts for SMP systems.
[[0;32m  OK  [0m] Created slice User Slice of vagrant.
         Starting User Manager for UID 1000...
[[0;32m  OK  [0m] Started Session 1 of user vagrant.
         Starting Set console scheme...
[[0;32m  OK  [0m] Started Serial Getty on ttyS0.
[[0;32m  OK  [0m] Started Getty on tty1.
[[0;32m  OK  [0m] Reached target Login Prompts.
[[0;32m  OK  [0m] Started User Manager for UID 1000.
[[0;32m  OK  [0m] Started Set console scheme.
[[0;32m  OK  [0m] Created slice User Slice of jenkins.
         Starting User Manager for UID 112...
[[0;32m  OK  [0m] Started User Manager for UID 112.
[[0;32m  OK  [0m] Started Session c1 of user jenkins.
[[0;32m  OK  [0m] Started Docker Application Container Engine.
[[0;32m  OK  [0m] Started LSB: Start Jenkins at boot time.
[[0;32m  OK  [0m] Reached target Multi-User System.
         Starting Execute cloud user/final scripts...
[[0;32m  OK  [0m] Reached target Graphical Interface.
         Starting Update UTMP about System Runlevel Changes...
[[0;32m  OK  [0m] Started Update UTMP about System Runlevel Changes.
[   25.013619] cloud-init[1709]: Cloud-init v. 18.2 running 'modules:final' at Thu, 21 Jun 2018 14:25:58 +0000. Up 24.89 seconds.
[   25.021029] cloud-init[1709]: Cloud-init v. 18.2 finished at Thu, 21 Jun 2018 14:25:58 +0000. Datasource DataSourceNoCloud [seed=/dev/sdb][dsmode=net].  Up 25.00 seconds
[[0;32m  OK  [0m] Started Execute cloud user/final scripts.
         Starting Daily apt download activities...
[[0;32m  OK  [0m] Reached target Cloud-init target.
         Stopping User Manager for UID 1000...
[[0;32m  OK  [0m] Stopped User Manager for UID 1000.
[[0;32m  OK  [0m] Removed slice User Slice of vagrant.

Ubuntu 16.04.4 LTS demojenkins ttyS0

demojenkins login: 